15/06/21 07:22:53 PM Tuesday - BasePage - INFO : Element found with LocatorType: aid with the locatorValue :Skip
15/06/21 07:22:54 PM Tuesday - BasePage - INFO : Clicked on Element with LocatorType: aid and with the locatorValue :Skip
15/06/21 07:22:54 PM Tuesday - BasePage - INFO : Element found with LocatorType: aid with the locatorValue :Done
15/06/21 07:22:55 PM Tuesday - BasePage - INFO : Clicked on Element with LocatorType: aid and with the locatorValue :Done
15/06/21 08:38:07 PM Tuesday - BasePage - INFO : Element found with LocatorType: aid with the locatorValue :Skip
15/06/21 08:38:08 PM Tuesday - BasePage - INFO : Clicked on Element with LocatorType: aid and with the locatorValue :Skip
15/06/21 08:38:08 PM Tuesday - BasePage - INFO : Element found with LocatorType: aid with the locatorValue :Done
15/06/21 08:38:09 PM Tuesday - BasePage - INFO : Clicked on Element with LocatorType: aid and with the locatorValue :Done
15/06/21 08:40:15 PM Tuesday - BasePage - INFO : Element found with LocatorType: aid with the locatorValue :Skip
15/06/21 08:40:15 PM Tuesday - BasePage - INFO : Clicked on Element with LocatorType: aid and with the locatorValue :Skip
15/06/21 08:40:15 PM Tuesday - BasePage - INFO : Element found with LocatorType: aid with the locatorValue :Done
15/06/21 08:40:15 PM Tuesday - BasePage - INFO : Clicked on Element with LocatorType: aid and with the locatorValue :Done
15/06/21 08:40:16 PM Tuesday - BasePage - INFO : Screenshot save to Path : ../screenshots/ActiveStores_15_06_21_20_40_15.png
15/06/21 08:44:54 PM Tuesday - BasePage - INFO : Element found with LocatorType: aid with the locatorValue :Skip
15/06/21 08:44:54 PM Tuesday - BasePage - INFO : Clicked on Element with LocatorType: aid and with the locatorValue :Skip
15/06/21 08:44:54 PM Tuesday - BasePage - INFO : Element found with LocatorType: aid with the locatorValue :Done
15/06/21 08:44:56 PM Tuesday - BasePage - INFO : Clicked on Element with LocatorType: aid and with the locatorValue :Done
15/06/21 08:44:58 PM Tuesday - BasePage - INFO : Screenshot save to Path : ../screenshots/ActiveStores_15_06_21_20_44_57.png
15/06/21 08:53:58 PM Tuesday - BasePage - INFO : Element found with LocatorType: aid with the locatorValue :Skip
15/06/21 08:54:00 PM Tuesday - BasePage - INFO : Clicked on Element with LocatorType: aid and with the locatorValue :Skip
15/06/21 08:54:00 PM Tuesday - BasePage - INFO : Element found with LocatorType: aid with the locatorValue :Done
15/06/21 08:54:01 PM Tuesday - BasePage - INFO : Clicked on Element with LocatorType: aid and with the locatorValue :Done
15/06/21 09:09:19 PM Tuesday - BasePage - INFO : Element not found with LocatorType: aid and with the locatorValue :Skip
15/06/21 09:09:21 PM Tuesday - BasePage - INFO : Unable to click on Element with LocatorType: aid and with the locatorValue :Skip
15/06/21 09:09:48 PM Tuesday - BasePage - INFO : Element not found with LocatorType: aid and with the locatorValue :Done
15/06/21 09:09:50 PM Tuesday - BasePage - INFO : Unable to click on Element with LocatorType: aid and with the locatorValue :Done
15/06/21 09:09:52 PM Tuesday - BasePage - INFO : Element found with LocatorType: class with the locatorValue :android.widget.ImageView
15/06/21 09:12:46 PM Tuesday - BasePage - INFO : Element found with LocatorType: aid with the locatorValue :Skip
15/06/21 09:12:47 PM Tuesday - BasePage - INFO : Clicked on Element with LocatorType: aid and with the locatorValue :Skip
15/06/21 09:12:47 PM Tuesday - BasePage - INFO : Element found with LocatorType: aid with the locatorValue :Done
15/06/21 09:12:48 PM Tuesday - BasePage - INFO : Clicked on Element with LocatorType: aid and with the locatorValue :Done
15/06/21 09:12:48 PM Tuesday - BasePage - INFO : Element found with LocatorType: class with the locatorValue :android.widget.ImageView
15/06/21 09:15:14 PM Tuesday - BasePage - INFO : Element found with LocatorType: aid with the locatorValue :Skip
15/06/21 09:15:15 PM Tuesday - BasePage - INFO : Clicked on Element with LocatorType: aid and with the locatorValue :Skip
15/06/21 09:15:15 PM Tuesday - BasePage - INFO : Element found with LocatorType: aid with the locatorValue :Done
15/06/21 09:15:16 PM Tuesday - BasePage - INFO : Clicked on Element with LocatorType: aid and with the locatorValue :Done
15/06/21 09:15:18 PM Tuesday - BasePage - INFO : Element found with LocatorType: class with the locatorValue :android.widget.ImageView
15/06/21 09:23:41 PM Tuesday - BasePage - INFO : Element found with LocatorType: aid with the locatorValue :Skip
15/06/21 09:23:41 PM Tuesday - BasePage - INFO : Clicked on Element with LocatorType: aid and with the locatorValue :Skip
15/06/21 09:23:42 PM Tuesday - BasePage - INFO : Element found with LocatorType: aid with the locatorValue :Done
15/06/21 09:23:43 PM Tuesday - BasePage - INFO : Clicked on Element with LocatorType: aid and with the locatorValue :Done
15/06/21 09:23:45 PM Tuesday - BasePage - INFO : Element found with LocatorType: class with the locatorValue :android.widget.ImageView
15/06/21 09:26:37 PM Tuesday - BasePage - INFO : Element found with LocatorType: aid with the locatorValue :Skip
15/06/21 09:26:38 PM Tuesday - BasePage - INFO : Clicked on Element with LocatorType: aid and with the locatorValue :Skip
15/06/21 09:26:38 PM Tuesday - BasePage - INFO : Element found with LocatorType: aid with the locatorValue :Done
15/06/21 09:26:39 PM Tuesday - BasePage - INFO : Clicked on Element with LocatorType: aid and with the locatorValue :Done
15/06/21 09:26:41 PM Tuesday - BasePage - INFO : Element found with LocatorType: class with the locatorValue :android.widget.ImageView
15/06/21 09:29:40 PM Tuesday - BasePage - INFO : Element found with LocatorType: aid with the locatorValue :Skip
15/06/21 09:29:40 PM Tuesday - BasePage - INFO : Clicked on Element with LocatorType: aid and with the locatorValue :Skip
15/06/21 09:29:40 PM Tuesday - BasePage - INFO : Element found with LocatorType: aid with the locatorValue :Done
15/06/21 09:29:41 PM Tuesday - BasePage - INFO : Clicked on Element with LocatorType: aid and with the locatorValue :Done
15/06/21 09:29:43 PM Tuesday - BasePage - INFO : Element found with LocatorType: class with the locatorValue :android.widget.ImageView
16/06/21 12:47:05 PM Wednesday - BasePage - INFO : Element found with LocatorType: aid with the locatorValue :Skip
16/06/21 12:47:05 PM Wednesday - BasePage - INFO : Clicked on Element with LocatorType: aid and with the locatorValue :Skip
16/06/21 12:47:06 PM Wednesday - BasePage - INFO : Element found with LocatorType: aid with the locatorValue :Done
16/06/21 12:47:07 PM Wednesday - BasePage - INFO : Clicked on Element with LocatorType: aid and with the locatorValue :Done
16/06/21 12:50:34 PM Wednesday - BasePage - INFO : Element found with LocatorType: aid with the locatorValue :Skip
16/06/21 12:50:35 PM Wednesday - BasePage - INFO : Clicked on Element with LocatorType: aid and with the locatorValue :Skip
16/06/21 12:50:35 PM Wednesday - BasePage - INFO : Element found with LocatorType: aid with the locatorValue :Done
16/06/21 12:50:36 PM Wednesday - BasePage - INFO : Clicked on Element with LocatorType: aid and with the locatorValue :Done
16/06/21 12:55:20 PM Wednesday - BasePage - INFO : Element found with LocatorType: aid with the locatorValue :Skip
16/06/21 12:55:20 PM Wednesday - BasePage - INFO : Clicked on Element with LocatorType: aid and with the locatorValue :Skip
16/06/21 12:55:20 PM Wednesday - BasePage - INFO : Element found with LocatorType: aid with the locatorValue :Done
16/06/21 12:55:21 PM Wednesday - BasePage - INFO : Clicked on Element with LocatorType: aid and with the locatorValue :Done
16/06/21 12:55:25 PM Wednesday - BasePage - INFO : Element found with LocatorType: aid with the locatorValue :Change store
16/06/21 12:55:26 PM Wednesday - BasePage - INFO : Clicked on Element with LocatorType: aid and with the locatorValue :Change store
16/06/21 01:04:56 PM Wednesday - BasePage - INFO : Element found with LocatorType: aid with the locatorValue :Skip
16/06/21 01:04:56 PM Wednesday - BasePage - INFO : Clicked on Element with LocatorType: aid and with the locatorValue :Skip
16/06/21 01:04:57 PM Wednesday - BasePage - INFO : Element found with LocatorType: aid with the locatorValue :Done
16/06/21 01:04:58 PM Wednesday - BasePage - INFO : Clicked on Element with LocatorType: aid and with the locatorValue :Done
16/06/21 01:05:02 PM Wednesday - BasePage - INFO : Element found with LocatorType: aid with the locatorValue :Change store
16/06/21 01:05:03 PM Wednesday - BasePage - INFO : Clicked on Element with LocatorType: aid and with the locatorValue :Change store
16/06/21 01:05:07 PM Wednesday - BasePage - INFO : Element found with LocatorType: index with the locatorValue :1
16/06/21 01:05:08 PM Wednesday - BasePage - INFO : Clicked on Element with LocatorType: index and with the locatorValue :1
16/06/21 01:05:34 PM Wednesday - BasePage - INFO : Element not found with LocatorType: text and with the locatorValue :Phone Numbe
16/06/21 01:05:34 PM Wednesday - BasePage - INFO : Unable to send text on Element with LocatorType: text and with the locatorValue :Phone Numbe
16/06/21 01:10:32 PM Wednesday - BasePage - INFO : Element found with LocatorType: aid with the locatorValue :Skip
16/06/21 01:10:32 PM Wednesday - BasePage - INFO : Clicked on Element with LocatorType: aid and with the locatorValue :Skip
16/06/21 01:10:32 PM Wednesday - BasePage - INFO : Element found with LocatorType: aid with the locatorValue :Done
16/06/21 01:10:33 PM Wednesday - BasePage - INFO : Clicked on Element with LocatorType: aid and with the locatorValue :Done
16/06/21 01:10:38 PM Wednesday - BasePage - INFO : Element found with LocatorType: aid with the locatorValue :Change store
16/06/21 01:10:39 PM Wednesday - BasePage - INFO : Clicked on Element with LocatorType: aid and with the locatorValue :Change store
16/06/21 01:10:41 PM Wednesday - BasePage - INFO : Element found with LocatorType: index with the locatorValue :1
16/06/21 01:10:41 PM Wednesday - BasePage - INFO : Clicked on Element with LocatorType: index and with the locatorValue :1
16/06/21 01:11:08 PM Wednesday - BasePage - INFO : Element not found with LocatorType: text and with the locatorValue :Phone Numbe
16/06/21 01:11:08 PM Wednesday - BasePage - INFO : Unable to click on Element with LocatorType: text and with the locatorValue :Phone Numbe
16/06/21 01:14:55 PM Wednesday - BasePage - INFO : Element found with LocatorType: aid with the locatorValue :Skip
16/06/21 01:14:55 PM Wednesday - BasePage - INFO : Clicked on Element with LocatorType: aid and with the locatorValue :Skip
16/06/21 01:14:56 PM Wednesday - BasePage - INFO : Element found with LocatorType: aid with the locatorValue :Done
16/06/21 01:14:56 PM Wednesday - BasePage - INFO : Clicked on Element with LocatorType: aid and with the locatorValue :Done
16/06/21 01:15:01 PM Wednesday - BasePage - INFO : Element found with LocatorType: aid with the locatorValue :Change store
16/06/21 01:15:02 PM Wednesday - BasePage - INFO : Clicked on Element with LocatorType: aid and with the locatorValue :Change store
16/06/21 01:15:06 PM Wednesday - BasePage - INFO : Element found with LocatorType: index with the locatorValue :1
16/06/21 01:15:06 PM Wednesday - BasePage - INFO : Clicked on Element with LocatorType: index and with the locatorValue :1
16/06/21 01:15:07 PM Wednesday - BasePage - INFO : Element found with LocatorType: text with the locatorValue :Phone Number
16/06/21 01:15:07 PM Wednesday - BasePage - INFO : Clicked on Element with LocatorType: text and with the locatorValue :Phone Number
16/06/21 01:15:08 PM Wednesday - BasePage - INFO : Element found with LocatorType: text with the locatorValue :Phone Number
16/06/21 01:15:09 PM Wednesday - BasePage - INFO : Unable to send text on Element with LocatorType: text and with the locatorValue :Phone Number
16/06/21 01:22:43 PM Wednesday - BasePage - INFO : Element not found with LocatorType: aid and with the locatorValue :Skip
16/06/21 01:22:44 PM Wednesday - BasePage - INFO : Unable to click on Element with LocatorType: aid and with the locatorValue :Skip
16/06/21 01:23:11 PM Wednesday - BasePage - INFO : Element not found with LocatorType: aid and with the locatorValue :Done
16/06/21 01:23:12 PM Wednesday - BasePage - INFO : Unable to click on Element with LocatorType: aid and with the locatorValue :Done
16/06/21 01:23:45 PM Wednesday - BasePage - INFO : Element not found with LocatorType: aid and with the locatorValue :Change store
16/06/21 01:23:46 PM Wednesday - BasePage - INFO : Unable to click on Element with LocatorType: aid and with the locatorValue :Change store
16/06/21 01:23:47 PM Wednesday - BasePage - INFO : Element found with LocatorType: index with the locatorValue :1
16/06/21 01:23:49 PM Wednesday - BasePage - INFO : Clicked on Element with LocatorType: index and with the locatorValue :1
16/06/21 01:24:16 PM Wednesday - BasePage - INFO : Element not found with LocatorType: text and with the locatorValue :Phone Number
16/06/21 01:24:17 PM Wednesday - BasePage - INFO : Unable to click on Element with LocatorType: text and with the locatorValue :Phone Number
16/06/21 01:25:22 PM Wednesday - BasePage - INFO : Element found with LocatorType: aid with the locatorValue :Skip
16/06/21 01:25:22 PM Wednesday - BasePage - INFO : Clicked on Element with LocatorType: aid and with the locatorValue :Skip
16/06/21 01:25:23 PM Wednesday - BasePage - INFO : Element found with LocatorType: aid with the locatorValue :Done
16/06/21 01:25:23 PM Wednesday - BasePage - INFO : Clicked on Element with LocatorType: aid and with the locatorValue :Done
16/06/21 01:25:28 PM Wednesday - BasePage - INFO : Element found with LocatorType: aid with the locatorValue :Change store
16/06/21 01:25:29 PM Wednesday - BasePage - INFO : Clicked on Element with LocatorType: aid and with the locatorValue :Change store
16/06/21 01:25:32 PM Wednesday - BasePage - INFO : Element found with LocatorType: index with the locatorValue :1
16/06/21 01:25:32 PM Wednesday - BasePage - INFO : Clicked on Element with LocatorType: index and with the locatorValue :1
16/06/21 01:25:34 PM Wednesday - BasePage - INFO : Element found with LocatorType: text with the locatorValue :Phone Number
16/06/21 01:25:34 PM Wednesday - BasePage - INFO : Clicked on Element with LocatorType: text and with the locatorValue :Phone Number
16/06/21 01:25:36 PM Wednesday - BasePage - INFO : Element found with LocatorType: text with the locatorValue :Password
16/06/21 01:25:36 PM Wednesday - BasePage - INFO : Clicked on Element with LocatorType: text and with the locatorValue :Password
16/06/21 01:25:38 PM Wednesday - BasePage - INFO : Element found with LocatorType: aid with the locatorValue :Login
16/06/21 01:25:39 PM Wednesday - BasePage - INFO : Clicked on Element with LocatorType: aid and with the locatorValue :Login
16/06/21 01:25:42 PM Wednesday - BasePage - INFO : Element found with LocatorType: aid with the locatorValue :Change
16/06/21 01:25:43 PM Wednesday - BasePage - INFO : Clicked on Element with LocatorType: aid and with the locatorValue :Change
16/06/21 01:33:34 PM Wednesday - BasePage - INFO : Element found with LocatorType: aid with the locatorValue :Skip
16/06/21 01:33:34 PM Wednesday - BasePage - INFO : Clicked on Element with LocatorType: aid and with the locatorValue :Skip
16/06/21 01:33:34 PM Wednesday - BasePage - INFO : Element found with LocatorType: aid with the locatorValue :Done
16/06/21 01:33:35 PM Wednesday - BasePage - INFO : Clicked on Element with LocatorType: aid and with the locatorValue :Done
16/06/21 01:33:39 PM Wednesday - BasePage - INFO : Element found with LocatorType: aid with the locatorValue :Change store
16/06/21 01:33:40 PM Wednesday - BasePage - INFO : Clicked on Element with LocatorType: aid and with the locatorValue :Change store
16/06/21 01:33:43 PM Wednesday - BasePage - INFO : Element found with LocatorType: index with the locatorValue :1
16/06/21 01:33:44 PM Wednesday - BasePage - INFO : Clicked on Element with LocatorType: index and with the locatorValue :1
16/06/21 01:33:45 PM Wednesday - BasePage - INFO : Element found with LocatorType: text with the locatorValue :Phone Number
16/06/21 01:33:45 PM Wednesday - BasePage - INFO : Clicked on Element with LocatorType: text and with the locatorValue :Phone Number
16/06/21 01:33:47 PM Wednesday - BasePage - INFO : Element found with LocatorType: text with the locatorValue :Password
16/06/21 01:33:48 PM Wednesday - BasePage - INFO : Clicked on Element with LocatorType: text and with the locatorValue :Password
16/06/21 01:33:50 PM Wednesday - BasePage - INFO : Element found with LocatorType: aid with the locatorValue :Login
16/06/21 01:33:51 PM Wednesday - BasePage - INFO : Clicked on Element with LocatorType: aid and with the locatorValue :Login
16/06/21 01:33:54 PM Wednesday - BasePage - INFO : Element found with LocatorType: aid with the locatorValue :Change
16/06/21 01:33:54 PM Wednesday - BasePage - INFO : Clicked on Element with LocatorType: aid and with the locatorValue :Change
16/06/21 01:33:56 PM Wednesday - BasePage - INFO : Element found with LocatorType: descon with the locatorValue :Search
16/06/21 01:33:56 PM Wednesday - BasePage - INFO : Clicked on Element with LocatorType: descon and with the locatorValue :Search
16/06/21 01:37:56 PM Wednesday - BasePage - INFO : Element found with LocatorType: aid with the locatorValue :Skip
16/06/21 01:37:57 PM Wednesday - BasePage - INFO : Clicked on Element with LocatorType: aid and with the locatorValue :Skip
16/06/21 01:37:57 PM Wednesday - BasePage - INFO : Element found with LocatorType: aid with the locatorValue :Done
16/06/21 01:37:58 PM Wednesday - BasePage - INFO : Clicked on Element with LocatorType: aid and with the locatorValue :Done
16/06/21 01:38:03 PM Wednesday - BasePage - INFO : Element found with LocatorType: aid with the locatorValue :Change store
16/06/21 01:38:04 PM Wednesday - BasePage - INFO : Clicked on Element with LocatorType: aid and with the locatorValue :Change store
16/06/21 01:38:08 PM Wednesday - BasePage - INFO : Element found with LocatorType: index with the locatorValue :1
16/06/21 01:38:09 PM Wednesday - BasePage - INFO : Clicked on Element with LocatorType: index and with the locatorValue :1
16/06/21 01:38:10 PM Wednesday - BasePage - INFO : Element found with LocatorType: text with the locatorValue :Phone Number
16/06/21 01:38:10 PM Wednesday - BasePage - INFO : Clicked on Element with LocatorType: text and with the locatorValue :Phone Number
16/06/21 01:38:12 PM Wednesday - BasePage - INFO : Element found with LocatorType: text with the locatorValue :Password
16/06/21 01:38:13 PM Wednesday - BasePage - INFO : Clicked on Element with LocatorType: text and with the locatorValue :Password
16/06/21 01:38:15 PM Wednesday - BasePage - INFO : Element found with LocatorType: aid with the locatorValue :Login
16/06/21 01:38:16 PM Wednesday - BasePage - INFO : Clicked on Element with LocatorType: aid and with the locatorValue :Login
16/06/21 01:38:19 PM Wednesday - BasePage - INFO : Element found with LocatorType: aid with the locatorValue :Change
16/06/21 01:38:20 PM Wednesday - BasePage - INFO : Clicked on Element with LocatorType: aid and with the locatorValue :Change
16/06/21 01:38:21 PM Wednesday - BasePage - INFO : Element found with LocatorType: descon with the locatorValue :Search
16/06/21 01:38:21 PM Wednesday - BasePage - INFO : Clicked on Element with LocatorType: descon and with the locatorValue :Search
16/06/21 01:38:22 PM Wednesday - BasePage - INFO : Element found with LocatorType: class with the locatorValue :android.widget.EditText
16/06/21 01:38:23 PM Wednesday - BasePage - INFO : Clicked on Element with LocatorType: class and with the locatorValue :android.widget.EditText
16/06/21 01:43:52 PM Wednesday - BasePage - INFO : Element found with LocatorType: aid with the locatorValue :Skip
16/06/21 01:43:53 PM Wednesday - BasePage - INFO : Clicked on Element with LocatorType: aid and with the locatorValue :Skip
16/06/21 01:43:53 PM Wednesday - BasePage - INFO : Element found with LocatorType: aid with the locatorValue :Done
16/06/21 01:43:54 PM Wednesday - BasePage - INFO : Clicked on Element with LocatorType: aid and with the locatorValue :Done
16/06/21 01:43:58 PM Wednesday - BasePage - INFO : Element found with LocatorType: aid with the locatorValue :Change store
16/06/21 01:44:00 PM Wednesday - BasePage - INFO : Clicked on Element with LocatorType: aid and with the locatorValue :Change store
16/06/21 01:44:03 PM Wednesday - BasePage - INFO : Element found with LocatorType: index with the locatorValue :1
16/06/21 01:44:03 PM Wednesday - BasePage - INFO : Clicked on Element with LocatorType: index and with the locatorValue :1
16/06/21 01:44:04 PM Wednesday - BasePage - INFO : Element found with LocatorType: text with the locatorValue :Phone Number
16/06/21 01:44:04 PM Wednesday - BasePage - INFO : Clicked on Element with LocatorType: text and with the locatorValue :Phone Number
16/06/21 01:44:07 PM Wednesday - BasePage - INFO : Element found with LocatorType: text with the locatorValue :Password
16/06/21 01:44:07 PM Wednesday - BasePage - INFO : Clicked on Element with LocatorType: text and with the locatorValue :Password
16/06/21 01:44:09 PM Wednesday - BasePage - INFO : Element found with LocatorType: aid with the locatorValue :Login
16/06/21 01:44:09 PM Wednesday - BasePage - INFO : Clicked on Element with LocatorType: aid and with the locatorValue :Login
16/06/21 01:44:12 PM Wednesday - BasePage - INFO : Element found with LocatorType: aid with the locatorValue :Change
16/06/21 01:44:12 PM Wednesday - BasePage - INFO : Clicked on Element with LocatorType: aid and with the locatorValue :Change
16/06/21 01:44:13 PM Wednesday - BasePage - INFO : Element found with LocatorType: descon with the locatorValue :Search
16/06/21 01:44:13 PM Wednesday - BasePage - INFO : Clicked on Element with LocatorType: descon and with the locatorValue :Search
16/06/21 01:44:15 PM Wednesday - BasePage - INFO : Element found with LocatorType: class with the locatorValue :android.widget.EditText
16/06/21 01:44:15 PM Wednesday - BasePage - INFO : Clicked on Element with LocatorType: class and with the locatorValue :android.widget.EditText
16/06/21 01:44:16 PM Wednesday - BasePage - INFO : Element found with LocatorType: class with the locatorValue :android.widget.EditText
16/06/21 01:44:16 PM Wednesday - BasePage - INFO : Unable to send text on Element with LocatorType: class and with the locatorValue :android.widget.EditText
16/06/21 01:44:43 PM Wednesday - BasePage - INFO : Element not found with LocatorType: descon and with the locatorValue :Dairy
16/06/21 01:44:44 PM Wednesday - BasePage - INFO : Unable to click on Element with LocatorType: descon and with the locatorValue :Dairy
16/06/21 01:46:40 PM Wednesday - BasePage - INFO : Element found with LocatorType: aid with the locatorValue :Skip
16/06/21 01:46:40 PM Wednesday - BasePage - INFO : Clicked on Element with LocatorType: aid and with the locatorValue :Skip
16/06/21 01:46:40 PM Wednesday - BasePage - INFO : Element found with LocatorType: aid with the locatorValue :Done
16/06/21 01:46:41 PM Wednesday - BasePage - INFO : Clicked on Element with LocatorType: aid and with the locatorValue :Done
16/06/21 01:46:46 PM Wednesday - BasePage - INFO : Element found with LocatorType: aid with the locatorValue :Change store
16/06/21 01:46:47 PM Wednesday - BasePage - INFO : Clicked on Element with LocatorType: aid and with the locatorValue :Change store
16/06/21 01:46:50 PM Wednesday - BasePage - INFO : Element found with LocatorType: index with the locatorValue :1
16/06/21 01:46:51 PM Wednesday - BasePage - INFO : Clicked on Element with LocatorType: index and with the locatorValue :1
16/06/21 01:46:52 PM Wednesday - BasePage - INFO : Element found with LocatorType: text with the locatorValue :Phone Number
16/06/21 01:46:52 PM Wednesday - BasePage - INFO : Clicked on Element with LocatorType: text and with the locatorValue :Phone Number
16/06/21 01:46:55 PM Wednesday - BasePage - INFO : Element found with LocatorType: text with the locatorValue :Password
16/06/21 01:46:55 PM Wednesday - BasePage - INFO : Clicked on Element with LocatorType: text and with the locatorValue :Password
16/06/21 01:46:57 PM Wednesday - BasePage - INFO : Element found with LocatorType: aid with the locatorValue :Login
16/06/21 01:46:58 PM Wednesday - BasePage - INFO : Clicked on Element with LocatorType: aid and with the locatorValue :Login
16/06/21 01:47:01 PM Wednesday - BasePage - INFO : Element found with LocatorType: aid with the locatorValue :Change
16/06/21 01:47:02 PM Wednesday - BasePage - INFO : Clicked on Element with LocatorType: aid and with the locatorValue :Change
16/06/21 01:47:03 PM Wednesday - BasePage - INFO : Element found with LocatorType: descon with the locatorValue :Search
16/06/21 01:47:04 PM Wednesday - BasePage - INFO : Clicked on Element with LocatorType: descon and with the locatorValue :Search
16/06/21 01:47:05 PM Wednesday - BasePage - INFO : Element found with LocatorType: class with the locatorValue :android.widget.EditText
16/06/21 01:47:05 PM Wednesday - BasePage - INFO : Clicked on Element with LocatorType: class and with the locatorValue :android.widget.EditText
16/06/21 01:47:09 PM Wednesday - BasePage - INFO : Element found with LocatorType: descon with the locatorValue :Dairy
16/06/21 01:47:09 PM Wednesday - BasePage - INFO : Clicked on Element with LocatorType: descon and with the locatorValue :Dairy
16/06/21 02:08:40 PM Wednesday - BasePage - INFO : Element found with LocatorType: aid with the locatorValue :Skip
16/06/21 02:08:40 PM Wednesday - BasePage - INFO : Clicked on Element with LocatorType: aid and with the locatorValue :Skip
16/06/21 02:08:41 PM Wednesday - BasePage - INFO : Element found with LocatorType: aid with the locatorValue :Done
16/06/21 02:08:42 PM Wednesday - BasePage - INFO : Clicked on Element with LocatorType: aid and with the locatorValue :Done
16/06/21 02:08:47 PM Wednesday - BasePage - INFO : Element found with LocatorType: aid with the locatorValue :Change store
16/06/21 02:08:48 PM Wednesday - BasePage - INFO : Clicked on Element with LocatorType: aid and with the locatorValue :Change store
16/06/21 02:08:51 PM Wednesday - BasePage - INFO : Element found with LocatorType: index with the locatorValue :1
16/06/21 02:08:52 PM Wednesday - BasePage - INFO : Clicked on Element with LocatorType: index and with the locatorValue :1
16/06/21 02:08:53 PM Wednesday - BasePage - INFO : Element found with LocatorType: text with the locatorValue :Phone Number
16/06/21 02:08:53 PM Wednesday - BasePage - INFO : Clicked on Element with LocatorType: text and with the locatorValue :Phone Number
16/06/21 02:08:56 PM Wednesday - BasePage - INFO : Element found with LocatorType: text with the locatorValue :Password
16/06/21 02:08:56 PM Wednesday - BasePage - INFO : Clicked on Element with LocatorType: text and with the locatorValue :Password
16/06/21 02:08:58 PM Wednesday - BasePage - INFO : Element found with LocatorType: aid with the locatorValue :Login
16/06/21 02:08:58 PM Wednesday - BasePage - INFO : Clicked on Element with LocatorType: aid and with the locatorValue :Login
16/06/21 02:09:01 PM Wednesday - BasePage - INFO : Element found with LocatorType: aid with the locatorValue :Change
16/06/21 02:09:02 PM Wednesday - BasePage - INFO : Clicked on Element with LocatorType: aid and with the locatorValue :Change
16/06/21 02:09:03 PM Wednesday - BasePage - INFO : Element found with LocatorType: descon with the locatorValue :Search
16/06/21 02:09:04 PM Wednesday - BasePage - INFO : Clicked on Element with LocatorType: descon and with the locatorValue :Search
16/06/21 02:09:05 PM Wednesday - BasePage - INFO : Element found with LocatorType: class with the locatorValue :android.widget.EditText
16/06/21 02:09:05 PM Wednesday - BasePage - INFO : Clicked on Element with LocatorType: class and with the locatorValue :android.widget.EditText
16/06/21 02:09:09 PM Wednesday - BasePage - INFO : Element found with LocatorType: descon with the locatorValue :Dairy
16/06/21 02:09:10 PM Wednesday - BasePage - INFO : Clicked on Element with LocatorType: descon and with the locatorValue :Dairy
16/06/21 02:09:12 PM Wednesday - BasePage - INFO : Element found with LocatorType: des with the locatorValue :Add to cart
16/06/21 02:09:12 PM Wednesday - BasePage - INFO : Clicked on Element with LocatorType: des and with the locatorValue :Add to cart
16/06/21 02:09:13 PM Wednesday - BasePage - INFO : Element found with LocatorType: index with the locatorValue :3
16/06/21 02:09:14 PM Wednesday - BasePage - INFO : Clicked on Element with LocatorType: index and with the locatorValue :3
16/06/21 02:09:15 PM Wednesday - BasePage - INFO : Element found with LocatorType: descon with the locatorValue :CHECKOUT
16/06/21 02:09:16 PM Wednesday - BasePage - INFO : Clicked on Element with LocatorType: descon and with the locatorValue :CHECKOUT
16/06/21 02:09:44 PM Wednesday - BasePage - INFO : Element not found with LocatorType: descon and with the locatorValue ://android.widget.Button[@content-desc='Place Order']
16/06/21 02:09:45 PM Wednesday - BasePage - INFO : Unable to click on Element with LocatorType: descon and with the locatorValue ://android.widget.Button[@content-desc='Place Order']
16/06/21 05:45:17 PM Wednesday - BasePage - INFO : Element found with LocatorType: aid with the locatorValue :Skip
16/06/21 05:45:18 PM Wednesday - BasePage - INFO : Clicked on Element with LocatorType: aid and with the locatorValue :Skip
16/06/21 05:45:18 PM Wednesday - BasePage - INFO : Element found with LocatorType: aid with the locatorValue :Done
16/06/21 05:45:19 PM Wednesday - BasePage - INFO : Clicked on Element with LocatorType: aid and with the locatorValue :Done
16/06/21 05:45:24 PM Wednesday - BasePage - INFO : Element found with LocatorType: aid with the locatorValue :Change store
16/06/21 05:45:25 PM Wednesday - BasePage - INFO : Clicked on Element with LocatorType: aid and with the locatorValue :Change store
16/06/21 05:45:28 PM Wednesday - BasePage - INFO : Element found with LocatorType: index with the locatorValue :1
16/06/21 05:45:29 PM Wednesday - BasePage - INFO : Clicked on Element with LocatorType: index and with the locatorValue :1
16/06/21 05:45:30 PM Wednesday - BasePage - INFO : Element found with LocatorType: text with the locatorValue :Phone Number
16/06/21 05:45:30 PM Wednesday - BasePage - INFO : Clicked on Element with LocatorType: text and with the locatorValue :Phone Number
16/06/21 05:45:33 PM Wednesday - BasePage - INFO : Element found with LocatorType: text with the locatorValue :Password
16/06/21 05:45:34 PM Wednesday - BasePage - INFO : Clicked on Element with LocatorType: text and with the locatorValue :Password
16/06/21 05:45:36 PM Wednesday - BasePage - INFO : Element found with LocatorType: aid with the locatorValue :Login
16/06/21 05:45:36 PM Wednesday - BasePage - INFO : Clicked on Element with LocatorType: aid and with the locatorValue :Login
16/06/21 05:45:39 PM Wednesday - BasePage - INFO : Element found with LocatorType: aid with the locatorValue :Change
16/06/21 05:45:40 PM Wednesday - BasePage - INFO : Clicked on Element with LocatorType: aid and with the locatorValue :Change
16/06/21 05:45:41 PM Wednesday - BasePage - INFO : Element found with LocatorType: descon with the locatorValue :Search
16/06/21 05:45:42 PM Wednesday - BasePage - INFO : Clicked on Element with LocatorType: descon and with the locatorValue :Search
16/06/21 05:45:43 PM Wednesday - BasePage - INFO : Element found with LocatorType: class with the locatorValue :android.widget.EditText
16/06/21 05:45:43 PM Wednesday - BasePage - INFO : Clicked on Element with LocatorType: class and with the locatorValue :android.widget.EditText
16/06/21 05:45:47 PM Wednesday - BasePage - INFO : Element found with LocatorType: descon with the locatorValue :Dairy
16/06/21 05:45:48 PM Wednesday - BasePage - INFO : Clicked on Element with LocatorType: descon and with the locatorValue :Dairy
16/06/21 05:45:50 PM Wednesday - BasePage - INFO : Element found with LocatorType: des with the locatorValue :Add to cart
16/06/21 05:45:51 PM Wednesday - BasePage - INFO : Clicked on Element with LocatorType: des and with the locatorValue :Add to cart
16/06/21 05:45:52 PM Wednesday - BasePage - INFO : Element found with LocatorType: index with the locatorValue :3
16/06/21 05:45:53 PM Wednesday - BasePage - INFO : Clicked on Element with LocatorType: index and with the locatorValue :3
16/06/21 05:45:54 PM Wednesday - BasePage - INFO : Element found with LocatorType: descon with the locatorValue :CHECKOUT
16/06/21 05:45:55 PM Wednesday - BasePage - INFO : Clicked on Element with LocatorType: descon and with the locatorValue :CHECKOUT
16/06/21 05:45:58 PM Wednesday - BasePage - INFO : Element found with LocatorType: xpath with the locatorValue ://android.widget.Button[@content-desc='Place Order']
16/06/21 05:45:59 PM Wednesday - BasePage - INFO : Clicked on Element with LocatorType: xpath and with the locatorValue ://android.widget.Button[@content-desc='Place Order']
16/06/21 05:46:00 PM Wednesday - BasePage - INFO : Element found with LocatorType: aid with the locatorValue :View Order
16/06/21 05:46:01 PM Wednesday - BasePage - INFO : Clicked on Element with LocatorType: aid and with the locatorValue :View Order
16/06/21 05:46:02 PM Wednesday - BasePage - INFO : Element found with LocatorType: aid with the locatorValue :Cancel
16/06/21 05:46:03 PM Wednesday - BasePage - INFO : Clicked on Element with LocatorType: aid and with the locatorValue :Cancel
16/06/21 05:46:04 PM Wednesday - BasePage - INFO : Element found with LocatorType: aid with the locatorValue :Yes
16/06/21 05:46:05 PM Wednesday - BasePage - INFO : Clicked on Element with LocatorType: aid and with the locatorValue :Yes
16/06/21 05:46:07 PM Wednesday - BasePage - INFO : Screenshot save to Path : ../screenshots/cancelOrder_16_06_21_17_46_07.png
16/06/21 06:24:24 PM Wednesday - BasePage - INFO : Element found with LocatorType: aid with the locatorValue :Skip
16/06/21 06:24:24 PM Wednesday - BasePage - INFO : Clicked on Element with LocatorType: aid and with the locatorValue :Skip
16/06/21 06:24:25 PM Wednesday - BasePage - INFO : Element found with LocatorType: aid with the locatorValue :Done
16/06/21 06:24:26 PM Wednesday - BasePage - INFO : Clicked on Element with LocatorType: aid and with the locatorValue :Done
16/06/21 06:24:30 PM Wednesday - BasePage - INFO : Element found with LocatorType: aid with the locatorValue :Change store
16/06/21 06:24:31 PM Wednesday - BasePage - INFO : Clicked on Element with LocatorType: aid and with the locatorValue :Change store
16/06/21 06:24:35 PM Wednesday - BasePage - INFO : Element found with LocatorType: index with the locatorValue :1
16/06/21 06:24:36 PM Wednesday - BasePage - INFO : Clicked on Element with LocatorType: index and with the locatorValue :1
16/06/21 06:24:37 PM Wednesday - BasePage - INFO : Element found with LocatorType: text with the locatorValue :Phone Number
16/06/21 06:24:37 PM Wednesday - BasePage - INFO : Clicked on Element with LocatorType: text and with the locatorValue :Phone Number
16/06/21 06:24:39 PM Wednesday - BasePage - INFO : Element found with LocatorType: text with the locatorValue :Password
16/06/21 06:24:40 PM Wednesday - BasePage - INFO : Clicked on Element with LocatorType: text and with the locatorValue :Password
16/06/21 06:24:42 PM Wednesday - BasePage - INFO : Element found with LocatorType: aid with the locatorValue :Login
16/06/21 06:24:43 PM Wednesday - BasePage - INFO : Clicked on Element with LocatorType: aid and with the locatorValue :Login
16/06/21 06:24:45 PM Wednesday - BasePage - INFO : Element found with LocatorType: aid with the locatorValue :Change
16/06/21 06:24:46 PM Wednesday - BasePage - INFO : Clicked on Element with LocatorType: aid and with the locatorValue :Change
16/06/21 06:24:47 PM Wednesday - BasePage - INFO : Element found with LocatorType: descon with the locatorValue :Search
16/06/21 06:24:48 PM Wednesday - BasePage - INFO : Clicked on Element with LocatorType: descon and with the locatorValue :Search
16/06/21 06:24:49 PM Wednesday - BasePage - INFO : Element found with LocatorType: class with the locatorValue :android.widget.EditText
16/06/21 06:24:49 PM Wednesday - BasePage - INFO : Clicked on Element with LocatorType: class and with the locatorValue :android.widget.EditText
16/06/21 06:24:53 PM Wednesday - BasePage - INFO : Element found with LocatorType: descon with the locatorValue :Dairy
16/06/21 06:24:54 PM Wednesday - BasePage - INFO : Clicked on Element with LocatorType: descon and with the locatorValue :Dairy
16/06/21 06:24:56 PM Wednesday - BasePage - INFO : Element found with LocatorType: des with the locatorValue :Add to cart
16/06/21 06:24:57 PM Wednesday - BasePage - INFO : Clicked on Element with LocatorType: des and with the locatorValue :Add to cart
16/06/21 06:24:58 PM Wednesday - BasePage - INFO : Element found with LocatorType: index with the locatorValue :3
16/06/21 06:25:00 PM Wednesday - BasePage - INFO : Clicked on Element with LocatorType: index and with the locatorValue :3
16/06/21 06:25:01 PM Wednesday - BasePage - INFO : Element found with LocatorType: descon with the locatorValue :CHECKOUT
16/06/21 06:25:02 PM Wednesday - BasePage - INFO : Clicked on Element with LocatorType: descon and with the locatorValue :CHECKOUT
16/06/21 06:25:05 PM Wednesday - BasePage - INFO : Element found with LocatorType: xpath with the locatorValue ://android.widget.Button[@content-desc='Place Order']
16/06/21 06:25:05 PM Wednesday - BasePage - INFO : Clicked on Element with LocatorType: xpath and with the locatorValue ://android.widget.Button[@content-desc='Place Order']
16/06/21 06:25:07 PM Wednesday - BasePage - INFO : Element found with LocatorType: aid with the locatorValue :View Order
16/06/21 06:25:08 PM Wednesday - BasePage - INFO : Clicked on Element with LocatorType: aid and with the locatorValue :View Order
16/06/21 06:25:10 PM Wednesday - BasePage - INFO : Element found with LocatorType: aid with the locatorValue :Cancel
16/06/21 06:25:10 PM Wednesday - BasePage - INFO : Clicked on Element with LocatorType: aid and with the locatorValue :Cancel
16/06/21 06:25:11 PM Wednesday - BasePage - INFO : Element found with LocatorType: aid with the locatorValue :Yes
16/06/21 06:25:12 PM Wednesday - BasePage - INFO : Clicked on Element with LocatorType: aid and with the locatorValue :Yes
16/06/21 06:25:15 PM Wednesday - BasePage - INFO : Screenshot save to Path : ../screenshots/cancelOrder_16_06_21_18_25_14.png
16/06/21 06:28:09 PM Wednesday - BasePage - INFO : Element found with LocatorType: aid with the locatorValue :Skip
16/06/21 06:28:10 PM Wednesday - BasePage - INFO : Clicked on Element with LocatorType: aid and with the locatorValue :Skip
16/06/21 06:28:10 PM Wednesday - BasePage - INFO : Element found with LocatorType: aid with the locatorValue :Done
16/06/21 06:28:11 PM Wednesday - BasePage - INFO : Clicked on Element with LocatorType: aid and with the locatorValue :Done
16/06/21 06:28:16 PM Wednesday - BasePage - INFO : Element found with LocatorType: aid with the locatorValue :Change store
16/06/21 06:28:16 PM Wednesday - BasePage - INFO : Clicked on Element with LocatorType: aid and with the locatorValue :Change store
16/06/21 06:28:20 PM Wednesday - BasePage - INFO : Element found with LocatorType: index with the locatorValue :1
16/06/21 06:28:21 PM Wednesday - BasePage - INFO : Clicked on Element with LocatorType: index and with the locatorValue :1
16/06/21 06:28:22 PM Wednesday - BasePage - INFO : Element found with LocatorType: text with the locatorValue :Phone Number
16/06/21 06:28:22 PM Wednesday - BasePage - INFO : Clicked on Element with LocatorType: text and with the locatorValue :Phone Number
16/06/21 06:28:25 PM Wednesday - BasePage - INFO : Element found with LocatorType: text with the locatorValue :Password
16/06/21 06:28:25 PM Wednesday - BasePage - INFO : Clicked on Element with LocatorType: text and with the locatorValue :Password
16/06/21 06:28:27 PM Wednesday - BasePage - INFO : Element found with LocatorType: aid with the locatorValue :Login
16/06/21 06:28:28 PM Wednesday - BasePage - INFO : Clicked on Element with LocatorType: aid and with the locatorValue :Login
16/06/21 06:28:30 PM Wednesday - BasePage - INFO : Element found with LocatorType: aid with the locatorValue :Change
16/06/21 06:28:31 PM Wednesday - BasePage - INFO : Clicked on Element with LocatorType: aid and with the locatorValue :Change
16/06/21 06:28:32 PM Wednesday - BasePage - INFO : Element found with LocatorType: descon with the locatorValue :Search
16/06/21 06:28:33 PM Wednesday - BasePage - INFO : Clicked on Element with LocatorType: descon and with the locatorValue :Search
16/06/21 06:28:34 PM Wednesday - BasePage - INFO : Element found with LocatorType: class with the locatorValue :android.widget.EditText
16/06/21 06:28:34 PM Wednesday - BasePage - INFO : Clicked on Element with LocatorType: class and with the locatorValue :android.widget.EditText
16/06/21 06:28:37 PM Wednesday - BasePage - INFO : Element found with LocatorType: descon with the locatorValue :Dairy
16/06/21 06:28:38 PM Wednesday - BasePage - INFO : Clicked on Element with LocatorType: descon and with the locatorValue :Dairy
16/06/21 06:28:40 PM Wednesday - BasePage - INFO : Element found with LocatorType: des with the locatorValue :Add to cart
16/06/21 06:28:41 PM Wednesday - BasePage - INFO : Clicked on Element with LocatorType: des and with the locatorValue :Add to cart
16/06/21 06:28:42 PM Wednesday - BasePage - INFO : Element found with LocatorType: index with the locatorValue :3
16/06/21 06:28:43 PM Wednesday - BasePage - INFO : Clicked on Element with LocatorType: index and with the locatorValue :3
16/06/21 06:28:45 PM Wednesday - BasePage - INFO : Element found with LocatorType: descon with the locatorValue :CHECKOUT
16/06/21 06:28:46 PM Wednesday - BasePage - INFO : Clicked on Element with LocatorType: descon and with the locatorValue :CHECKOUT
16/06/21 06:28:49 PM Wednesday - BasePage - INFO : Element found with LocatorType: xpath with the locatorValue ://android.widget.Button[@content-desc='Place Order']
16/06/21 06:28:49 PM Wednesday - BasePage - INFO : Clicked on Element with LocatorType: xpath and with the locatorValue ://android.widget.Button[@content-desc='Place Order']
16/06/21 06:28:50 PM Wednesday - BasePage - INFO : Element found with LocatorType: aid with the locatorValue :View Order
16/06/21 06:28:51 PM Wednesday - BasePage - INFO : Clicked on Element with LocatorType: aid and with the locatorValue :View Order
16/06/21 06:28:52 PM Wednesday - BasePage - INFO : Element found with LocatorType: aid with the locatorValue :Cancel
16/06/21 06:28:52 PM Wednesday - BasePage - INFO : Clicked on Element with LocatorType: aid and with the locatorValue :Cancel
16/06/21 06:28:54 PM Wednesday - BasePage - INFO : Element found with LocatorType: aid with the locatorValue :Yes
16/06/21 06:28:54 PM Wednesday - BasePage - INFO : Clicked on Element with LocatorType: aid and with the locatorValue :Yes
16/06/21 06:28:57 PM Wednesday - BasePage - INFO : Screenshot save to Path : ../screenshots/cancelOrder_16_06_21_18_28_56.png
